2020-01-09 10:15:26.448 +05:30 [Error] Error fetching homepasses.
System.ArgumentNullException: Value cannot be null.
Parameter name: values
   at MongoDB.Driver.Core.Misc.Ensure.IsNotNull[T](T value, String paramName)
   at MongoDB.Driver.SingleItemAsArrayOperatorFilterDefinition`2..ctor(String operatorName, FieldDefinition`2 field, IEnumerable`1 values, Boolean allowScalarValueForArrayField)
   at MongoDB.Driver.FilterDefinitionBuilder`1.In[TField](FieldDefinition`2 field, IEnumerable`1 values)
   at MongoDB.Driver.FilterDefinitionBuilder`1.In[TField](Expression`1 field, IEnumerable`1 values)
   at Common.DataAccess.Mongo.MongoRepository`1.GetByIdsAsync(IList`1 ids) in E:\rnd_module\Common\Common.DataAccess.Mongo\MongoRepository.cs:line 269
   at NERP.Homepasses.HomepassService.GetHomepasses(IList`1 ids) in E:\rnd_module\previous_RND CODE\Solution2\NERP.Homepasses\HomepassService.cs:line 58
   at NERP.RND.Web.Controllers.HomepassesController.GetHomepassesInCluster(String clusterId) in E:\rnd_module\previous_RND CODE\Solution2\NERP.RND.Web\Controllers\HomepassesController.cs:line 61
2020-01-09 10:15:48.650 +05:30 [Error] Error fetching home pass.
MongoDB.Driver.MongoCommandException: Command find failed: Loop is not valid: [ [ 100.3288899998532, 5.664440000157475 ], [ 100.3291700000591, 5.664169999778269 ], [ 100.3294399998914, 5.664169999778269 ], [ 100.3297200000973, 5.663889999781632 ], [ 100.3311099998987, 5.663059999944577 ], [ 100.3313889998964, 5.662779999947938 ], [ 100.3302800000819, 5.661670000114245 ], [ 100.3297200000973, 5.661670000114245 ], [ 100.3297065791055, 5.661656579124174 ], [ 100.3294399998914, 5.66139000118846 ], [ 100.3291700000591, 5.66139000118846 ], [ 100.3277699998841, 5.660830000124331 ], [ 100.3275000000518, 5.660559999745127 ], [ 100.3266690000267, 5.660559999745127 ], [ 100.3263899991745, 5.660830000124331 ], [ 100.3261099998232, 5.660830000124331 ], [ 100.3252800000063, 5.661670000114245 ], [ 100.3254136651721, 5.661776817081381 ], [ 100.3266690000267, 5.662779999947938 ], [ 100.3280589998281, 5.664169999778269 ], [ 100.3283290000877, 5.664169999778269 ], [ 100.328537982089, 5.664370802762006 ], [ 100.3286100000746, 5.664440000157475 ], [ 100.3288899998532, 5.664440000157475 ], [ 100.3609937600021, 5.677266891090143 ], [ 100.369436249181, 5.675034526828338 ], [ 100.3754922811863, 5.675223777994442 ], [ 100.3775777380532, 5.670761247930308 ], [ 100.3819367849364, 5.665987053842135 ], [ 100.3838049479474, 5.66204315407536 ], [ 100.3883715690207, 5.659552270040314 ], [ 100.3966745161161, 5.659552270040314 ], [ 100.3993729728966, 5.657476532898254 ], [ 100.4033168731087, 5.648758439043307 ], [ 100.4041471681601, 5.644606964759187 ], [ 100.4041471681601, 5.641078212956249 ], [ 100.4035244468715, 5.639417623778027 ], [ 100.4035654220842, 5.638393240180485 ], [ 100.4022877921132, 5.637429850180044 ], [ 100.3977192270213, 5.63600217295203 ], [ 100.3964700100573, 5.635324026911235 ], [ 100.3952207930934, 5.634039117834364 ], [ 100.3931863541111, 5.6312194570224 ], [ 100.3928294348565, 5.627507496872076 ], [ 100.3928532322079, 5.626008248169364 ], [ 100.3940429600659, 5.624580759946755 ], [ 100.3942928032023, 5.623402926983241 ], [ 100.3942214188387, 5.622403553137802 ], [ 100.3934005050657, 5.621725407097006 ], [ 100.3914192061528, 5.621689980095129 ], [ 100.3896885459285, 5.621297104249858 ], [ 100.3881181018918, 5.620476190057921 ], [ 100.3859765867913, 5.619619583828197 ], [ 100.3840492239272, 5.6187629781339 ], [ 100.3835138450453, 5.617335301976739 ], [ 100.3838707638727, 5.61594331678651 ], [ 100.3851556730184, 5.615336553750435 ], [ 100.3873685720553, 5.615193787205571 ], [ 100.3907949958742, 5.614979634978857 ], [ 100.3922583637927, 5.614408565051419 ], [ 100.3924725160291, 5.613766109977557 ], [ 100.3924011320928, 5.613123655974547 ], [ 100.3914548000655, 5.611919943191553 ], [ 100.3907593041197, 5.611410444050527 ], [ 100.3905451518833, 5.610625221896376 ], [ 100.3906522280015, 5.609554463975365 ], [ 100.3914374500198, 5.60887631793457 ], [ 100.3932577380475, 5.609411695824223 ], [ 100.3948281820842, 5.609161853166002 ], [ 100.394970949957, 5.608198170822923 ], [ 100.3948995660206, 5.607234490086121 ], [ 100.3942571110205, 5.605271433897602 ], [ 100.3935432729385, 5.605342817973173 ], [ 100.3929365101202, 5.606163732165111 ], [ 100.3918657532108, 5.606770495201187 ], [ 100.3909377628924, 5.606984645821623 ], [ 100.3902596169923, 5.606627727050045 ], [ 100.3902239248105, 5.606128040127325 ], [ 100.390402384865, 5.60544989408653 ], [ 100.3907593041197, 5.604914515126025 ], [ 100.3908936311063, 5.604484639732485 ], [ 100.3908306872015, 5.604129292971873 ], [ 100.3902596169923, 5.603772374200296 ], [ 100.3896885459285, 5.603879449778226 ], [ 100.3893327401052, 5.604725111898915 ], [ 100.389224550983, 5.605628353204605 ], [ 100.3891174761466, 5.605949581009249 ], [ 100.3885464050828, 5.605735428782537 ], [ 100.3880824101372, 5.605414202048745 ], [ 100.3877100318757, 5.604975108759846 ], [ 100.3870473441279, 5.605521278162101 ], [ 100.3867618088097, 5.606020964013968 ], [ 100.3865476578551, 5.606342191818612 ], [ 100.3859408950368, 5.606377883856398 ], [ 100.3857624358367, 5.606806187238973 ], [ 100.3849772129638, 5.608233862860708 ], [ 100.3817292491994, 5.608412323049636 ], [ 100.3800517290445, 5.607341565128626 ], [ 100.3787668198988, 5.607056029897193 ], [ 100.376369662932, 5.607325710091604 ], [ 100.3738056437976, 5.607591408857698 ], [ 100.3737342598613, 5.606235116240682 ], [ 100.3725921190155, 5.606734803163402 ], [ 100.3725207350792, 5.606056656051754 ], [ 100.3692370791329, 5.606163732165111 ], [ 100.3685581611797, 5.607823309923472 ], [ 100.3652752760048, 5.607412949204197 ], [ 100.3635620640953, 5.607448641241982 ], [ 100.3625269989405, 5.607520024782128 ], [ 100.3624199228223, 5.60609234808954 ], [ 100.3623842310678, 5.60487882308824 ], [ 100.3627411498951, 5.604450520241091 ], [ 100.3625269989405, 5.602451773085638 ], [ 100.3627411498951, 5.601845010049562 ], [ 100.362776842077, 5.601024095857625 ], [ 100.3616284218375, 5.601095132977098 ], [ 100.3611835329632, 5.601122651735802 ], [ 100.3556384591208, 5.601202556046553 ], [ 100.3556741508753, 5.602273312896711 ], [ 100.3556384591208, 5.603058536121715 ], [ 100.3549603127934, 5.603593914011368 ], [ 100.3538538628477, 5.603558221973582 ], [ 100.3539609389659, 5.605949581009249 ], [ 100.3521686499334, 5.605984047992169 ], [ 100.3521528880013, 5.606519960772474 ], [ 100.3527831059383, 5.606520650936688 ], [ 100.3528901820565, 5.60716310601055 ], [ 100.3534255600839, 5.607270181053055 ], [ 100.3534612518385, 5.607698483900203 ], [ 100.3541393990204, 5.60766279293327 ], [ 100.3541750912022, 5.607841252051346 ], [ 100.3546747779024, 5.607912636126916 ], [ 100.354603393966, 5.608198170822923 ], [ 100.3538895550295, 5.608198170822923 ], [ 100.3540680150841, 5.609090469090432 ], [ 100.3548532371024, 5.609090469090432 ], [ 100.3548532371024, 5.609875691244583 ], [ 100.3544963178478, 5.609875691244583 ], [ 100.3544606260932, 5.610196919049227 ], [ 100.3529972568929, 5.610161227011441 ], [ 100.3531757169475, 5.613694725901985 ], [ 100.3535683279567, 5.613766109977557 ], [ 100.3544963178478, 5.613873186090913 ], [ 100.3547461609842, 5.614265796900276 ], [ 100.3547461609842, 5.614765483822996 ], [ 100.3537824801931, 5.614908250903286 ], [ 100.3536754040749, 5.615586398014933 ], [ 100.3537110958294, 5.616550078751735 ], [ 100.3524261871109, 5.61704976620988 ], [ 100.3528901820565, 5.619226973018835 ], [ 100.3531400251929, 5.620618958209063 ], [ 100.3517257841203, 5.62104150683215 ], [ 100.3518908078018, 5.621368487790003 ], [ 100.350463132065, 5.62147556390336 ], [ 100.348856994992, 5.621439871865574 ], [ 100.3463218199668, 5.621066038984193 ], [ 100.3460016418095, 5.620618958209063 ], [ 100.3455733390458, 5.62026203890206 ], [ 100.3449308849002, 5.620226346864274 ], [ 100.3444311982, 5.620297729868993 ], [ 100.3441099711272, 5.620440498020135 ], [ 100.3433961321907, 5.620476190057921 ], [ 100.3422539909177, 5.620654650246848 ], [ 100.3412600000992, 5.620699999764803 ], [ 100.3412773749258, 5.621088938086697 ], [ 100.3413570831071, 5.622873179098798 ], [ 100.3413343820968, 5.627579147054408 ], [ 100.3408389991548, 5.634170000062 ], [ 100.3406432561338, 5.634534791738629 ], [ 100.3406189990541, 5.634579998833247 ], [ 100.3405957221015, 5.635001696128871 ], [ 100.3400121960736, 5.642434538234257 ], [ 100.3388338631556, 5.651466474761954 ], [ 100.3386099997985, 5.651890000002209 ], [ 100.3384990001807, 5.652430000225194 ], [ 100.3384900000154, 5.652819999761574 ], [ 100.3380700001338, 5.653340000214267 ], [ 100.3373790002117, 5.653489999830018 ], [ 100.3364599989499, 5.653540000058887 ], [ 100.3360290001955, 5.653370000137417 ], [ 100.3358199998221, 5.653470000059727 ], [ 100.335729999878, 5.653510000135737 ], [ 100.335646161832, 5.653563041049301 ], [ 100.3352667560499, 5.654443262246194 ], [ 100.3348860420075, 5.654633619067149 ], [ 100.3339580529709, 5.654776386147439 ], [ 100.3326731438251, 5.654681207736962 ], [ 100.3320782779735, 5.654395673040955 ], [ 100.3316261808491, 5.653681834962375 ], [ 100.3311502880824, 5.653658040092043 ], [ 100.3309361371278, 5.653943574788048 ], [ 100.3311978780854, 5.654942949168914 ], [ 100.3312918421184, 5.655614580145192 ], [ 100.3316699998833, 5.655559999881652 ], [ 100.3325000001274, 5.655559999881652 ], [ 100.3327300001745, 5.655589999804803 ], [ 100.3329599989397, 5.65565000018653 ], [ 100.3329845200642, 5.655671971931067 ], [ 100.3332389989374, 5.655900000260018 ], [ 100.3334589990381, 5.656490000176444 ], [ 100.3335555300303, 5.656593161254318 ], [ 100.3335899998303, 5.656630000174762 ], [ 100.3337199991324, 5.65701000009371 ], [ 100.3335733022057, 5.657318064983653 ], [ 100.333520000206, 5.657430000088667 ], [ 100.3335560581197, 5.657727480140474 ], [ 100.3335599999913, 5.657759999778747 ], [ 100.3336100001501, 5.658130000080262 ], [ 100.3336100001501, 5.658509998928358 ], [ 100.3335989999956, 5.658879999765299 ], [ 100.3335861241835, 5.658943447220116 ], [ 100.3335300001524, 5.659220000143663 ], [ 100.3333399998906, 5.659479999834584 ], [ 100.3326489991139, 5.660289999901347 ], [ 100.3319500000892, 5.66111000012097 ], [ 100.3319500000892, 5.661670000114245 ], [ 100.3320654841947, 5.661844635754698 ], [ 100.332141396199, 5.661959428964117 ], [ 100.3321585650879, 5.661985391239213 ], [ 100.332219999067, 5.662078290876303 ], [ 100.3323085911998, 5.662212259835279 ], [ 100.3329110899949, 5.661629234914371 ], [ 100.3335297502071, 5.661391287817326 ], [ 100.3342999990095, 5.66139000118846 ], [ 100.3346792249165, 5.66139000118846 ], [ 100.3352800001575, 5.66139000118846 ], [ 100.3360399999228, 5.66139000118846 ], [ 100.3361187480581, 5.66139000118846 ], [ 100.3370989410443, 5.6618195911999 ], [ 100.3376938068959, 5.662414455997671 ], [ 100.3384589991137, 5.662660000255337 ], [ 100.3385720000025, 5.662854569808673 ], [ 100.3386099997985, 5.662919998875405 ], [ 100.3386789987872, 5.663469999251249 ], [ 100.3387116788083, 5.663578417142356 ], [ 100.3388139961398, 5.663917855858766 ], [ 100.3393118400812, 5.665055658226985 ], [ 100.3395973749722, 5.665936058791615 ], [ 100.3396449641207, 5.666411950844001 ], [ 100.3398591159298, 5.666649896870195 ], [ 100.3400970620995, 5.666745075816099 ], [ 100.3403807008247, 5.666657092996683 ], [ 100.3411202298604, 5.668339314994735 ], [ 100.3416199169878, 5.672527166126594 ], [ 100.3427792831202, 5.673349434946509 ], [ 100.3433569241124, 5.67357412810642 ], [ 100.3438454931623, 5.673518291733301 ], [ 100.3438930848743, 5.673612929898867 ], [ 100.3443090001805, 5.674439999884423 ], [ 100.3457100001365, 5.677370000231688 ], [ 100.3464500000093, 5.678779999832311 ], [ 100.3474399989672, 5.680650000039325 ], [ 100.353736403961, 5.678813539992689 ], [ 100.3576625140528, 5.67762380986172 ], [ 100.3288899998532, 5.664440000157475 ] ] Duplicate vertices: 0 and 23.
   at MongoDB.Driver.Core.WireProtocol.CommandUsingCommandMessageWireProtocol`1.ProcessResponse(ConnectionId connectionId, CommandMessage responseMessage)
   at MongoDB.Driver.Core.WireProtocol.CommandUsingCommandMessageWireProtocol`1.ExecuteAsync(IConnection connection, CancellationToken cancellationToken)
   at MongoDB.Driver.Core.Servers.Server.ServerChannel.ExecuteProtocolAsync[TResult](IWireProtocol`1 protocol, CancellationToken cancellationToken)
   at MongoDB.Driver.Core.Operations.RetryableReadOperationExecutor.ExecuteAsync[TResult](IRetryableReadOperation`1 operation, RetryableReadContext context, CancellationToken cancellationToken)
   at MongoDB.Driver.Core.Operations.ReadCommandOperation`1.ExecuteAsync(RetryableReadContext context, CancellationToken cancellationToken)
   at MongoDB.Driver.Core.Operations.FindCommandOperation`1.ExecuteAsync(RetryableReadContext context, CancellationToken cancellationToken)
   at MongoDB.Driver.Core.Operations.FindOperation`1.ExecuteAsync(RetryableReadContext context, CancellationToken cancellationToken)
   at MongoDB.Driver.Core.Operations.FindOperation`1.ExecuteAsync(IReadBinding binding, CancellationToken cancellationToken)
   at MongoDB.Driver.OperationExecutor.ExecuteReadOperationAsync[TResult](IReadBinding binding, IReadOperation`1 operation, CancellationToken cancellationToken)
   at MongoDB.Driver.MongoCollectionImpl`1.ExecuteReadOperationAsync[TResult](IClientSessionHandle session, IReadOperation`1 operation, ReadPreference readPreference, CancellationToken cancellationToken)
   at MongoDB.Driver.MongoCollectionImpl`1.UsingImplicitSessionAsync[TResult](Func`2 funcAsync, CancellationToken cancellationToken)
   at MongoDB.Driver.IAsyncCursorSourceExtensions.ToListAsync[TDocument](IAsyncCursorSource`1 source, CancellationToken cancellationToken)
   at NERP.GeoServices.GeoService`1.GetPointsInPolygon(Polygon polygon, String collectionName, Expression`1 field) in E:\rnd_module\previous_RND CODE\Solution2\NERP.GeoServices\GeoService.cs:line 35
   at NERP.Homepasses.HomepassService.GetHomepassesInCluster(Polygon cluster, Boolean includeDeteted) in E:\rnd_module\previous_RND CODE\Solution2\NERP.Homepasses\HomepassService.cs:line 63
   at NERP.RND.Web.Controllers.HomepassesController.GetHomepassesInPolygon(Polygon polygon) in E:\rnd_module\previous_RND CODE\Solution2\NERP.RND.Web\Controllers\HomepassesController.cs:line 77
2020-01-09 17:56:16.274 +05:30 [Error] Error fetching designs.
System.FormatException: An error occurred while deserializing the BluePrint property of class NERP.Designs.Models.Design: An error occurred while deserializing the Children property of class NERP.NetworkEntities.Models.GeoNode: An error occurred while deserializing the Segments property of class NERP.NetworkEntities.Models.GeoNode: Element 'fats' does not match any field or property of class NERP.NetworkEntities.Models.Segment. ---> System.FormatException: An error occurred while deserializing the Children property of class NERP.NetworkEntities.Models.GeoNode: An error occurred while deserializing the Segments property of class NERP.NetworkEntities.Models.GeoNode: Element 'fats' does not match any field or property of class NERP.NetworkEntities.Models.Segment. ---> System.FormatException: An error occurred while deserializing the Segments property of class NERP.NetworkEntities.Models.GeoNode: Element 'fats' does not match any field or property of class NERP.NetworkEntities.Models.Segment. ---> System.FormatException: Element 'fats' does not match any field or property of class NERP.NetworkEntities.Models.Segment.
   at MongoDB.Bson.Serialization.BsonClassMapSerializer`1.DeserializeClass(BsonDeserializationContext context)
   at MongoDB.Bson.Serialization.BsonClassMapSerializer`1.Deserialize(BsonDeserializationContext context, BsonDeserializationArgs args)
   at MongoDB.Bson.Serialization.IBsonSerializerExtensions.Deserialize[TValue](IBsonSerializer`1 serializer, BsonDeserializationContext context)
   at MongoDB.Bson.Serialization.Serializers.EnumerableSerializerBase`2.Deserialize(BsonDeserializationContext context, BsonDeserializationArgs args)
   at MongoDB.Bson.Serialization.Serializers.SerializerBase`1.MongoDB.Bson.Serialization.IBsonSerializer.Deserialize(BsonDeserializationContext context, BsonDeserializationArgs args)
   at MongoDB.Bson.Serialization.IBsonSerializerExtensions.Deserialize(IBsonSerializer serializer, BsonDeserializationContext context)
   at MongoDB.Bson.Serialization.BsonClassMapSerializer`1.DeserializeMemberValue(BsonDeserializationContext context, BsonMemberMap memberMap)
   --- End of inner exception stack trace ---
   at MongoDB.Bson.Serialization.BsonClassMapSerializer`1.DeserializeMemberValue(BsonDeserializationContext context, BsonMemberMap memberMap)
   at MongoDB.Bson.Serialization.BsonClassMapSerializer`1.DeserializeClass(BsonDeserializationContext context)
   at MongoDB.Bson.Serialization.BsonClassMapSerializer`1.Deserialize(BsonDeserializationContext context, BsonDeserializationArgs args)
   at MongoDB.Bson.Serialization.IBsonSerializerExtensions.Deserialize[TValue](IBsonSerializer`1 serializer, BsonDeserializationContext context)
   at MongoDB.Bson.Serialization.Serializers.EnumerableSerializerBase`2.Deserialize(BsonDeserializationContext context, BsonDeserializationArgs args)
   at MongoDB.Bson.Serialization.Serializers.SerializerBase`1.MongoDB.Bson.Serialization.IBsonSerializer.Deserialize(BsonDeserializationContext context, BsonDeserializationArgs args)
   at MongoDB.Bson.Serialization.IBsonSerializerExtensions.Deserialize(IBsonSerializer serializer, BsonDeserializationContext context)
   at MongoDB.Bson.Serialization.BsonClassMapSerializer`1.DeserializeMemberValue(BsonDeserializationContext context, BsonMemberMap memberMap)
   --- End of inner exception stack trace ---
   at MongoDB.Bson.Serialization.BsonClassMapSerializer`1.DeserializeMemberValue(BsonDeserializationContext context, BsonMemberMap memberMap)
   at MongoDB.Bson.Serialization.BsonClassMapSerializer`1.DeserializeClass(BsonDeserializationContext context)
   at MongoDB.Bson.Serialization.BsonClassMapSerializer`1.Deserialize(BsonDeserializationContext context, BsonDeserializationArgs args)
   at MongoDB.Bson.Serialization.Serializers.SerializerBase`1.MongoDB.Bson.Serialization.IBsonSerializer.Deserialize(BsonDeserializationContext context, BsonDeserializationArgs args)
   at MongoDB.Bson.Serialization.IBsonSerializerExtensions.Deserialize(IBsonSerializer serializer, BsonDeserializationContext context)
   at MongoDB.Bson.Serialization.BsonClassMapSerializer`1.DeserializeMemberValue(BsonDeserializationContext context, BsonMemberMap memberMap)
   --- End of inner exception stack trace ---
   at MongoDB.Bson.Serialization.BsonClassMapSerializer`1.DeserializeMemberValue(BsonDeserializationContext context, BsonMemberMap memberMap)
   at MongoDB.Bson.Serialization.BsonClassMapSerializer`1.DeserializeClass(BsonDeserializationContext context)
   at MongoDB.Bson.Serialization.BsonClassMapSerializer`1.Deserialize(BsonDeserializationContext context, BsonDeserializationArgs args)
   at MongoDB.Bson.Serialization.IBsonSerializerExtensions.Deserialize[TValue](IBsonSerializer`1 serializer, BsonDeserializationContext context)
   at MongoDB.Driver.Core.Operations.CursorBatchDeserializationHelper.DeserializeBatch[TDocument](RawBsonArray batch, IBsonSerializer`1 documentSerializer, MessageEncoderSettings messageEncoderSettings)
   at MongoDB.Driver.Core.Operations.FindCommandOperation`1.CreateCursorBatch(BsonDocument commandResult)
   at MongoDB.Driver.Core.Operations.FindCommandOperation`1.CreateCursor(IChannelSourceHandle channelSource, BsonDocument commandResult)
   at MongoDB.Driver.Core.Operations.FindCommandOperation`1.ExecuteAsync(RetryableReadContext context, CancellationToken cancellationToken)
   at MongoDB.Driver.Core.Operations.FindOperation`1.ExecuteAsync(RetryableReadContext context, CancellationToken cancellationToken)
   at MongoDB.Driver.Core.Operations.FindOperation`1.ExecuteAsync(IReadBinding binding, CancellationToken cancellationToken)
   at MongoDB.Driver.OperationExecutor.ExecuteReadOperationAsync[TResult](IReadBinding binding, IReadOperation`1 operation, CancellationToken cancellationToken)
   at MongoDB.Driver.MongoCollectionImpl`1.ExecuteReadOperationAsync[TResult](IClientSessionHandle session, IReadOperation`1 operation, ReadPreference readPreference, CancellationToken cancellationToken)
   at MongoDB.Driver.MongoCollectionImpl`1.UsingImplicitSessionAsync[TResult](Func`2 funcAsync, CancellationToken cancellationToken)
   at MongoDB.Driver.IAsyncCursorSourceExtensions.ToListAsync[TDocument](IAsyncCursorSource`1 source, CancellationToken cancellationToken)
   at Common.DataAccess.Mongo.MongoRepository`1.GetPaginatedAsync(Expression`1 filter, String sortProperty, SortOrder sortOrder, Int32 page, Int32 pageSize) in E:\rnd_module\Common\Common.DataAccess.Mongo\MongoRepository.cs:line 184
   at NERP.Designs.DesignService.GetDesigns(SearchFilter searchFilter, String orderBy, SortOrder sortOrder, Nullable`1 page, Nullable`1 pageSize) in E:\rnd_module\previous_RND CODE\Solution2\NERP.Design\DesignService.cs:line 45
   at NERP.RND.Web.Controllers.DesignsController.GetDesigns(PaginationRequest paginationRequest) in E:\rnd_module\previous_RND CODE\Solution2\NERP.RND.Web\Controllers\DesignsController.cs:line 76
2020-01-09 17:57:46.853 +05:30 [Error] Error fetching designs.
System.FormatException: An error occurred while deserializing the BluePrint property of class NERP.Designs.Models.Design: An error occurred while deserializing the Children property of class NERP.NetworkEntities.Models.GeoNode: An error occurred while deserializing the Segments property of class NERP.NetworkEntities.Models.GeoNode: Element 'fats' does not match any field or property of class NERP.NetworkEntities.Models.Segment. ---> System.FormatException: An error occurred while deserializing the Children property of class NERP.NetworkEntities.Models.GeoNode: An error occurred while deserializing the Segments property of class NERP.NetworkEntities.Models.GeoNode: Element 'fats' does not match any field or property of class NERP.NetworkEntities.Models.Segment. ---> System.FormatException: An error occurred while deserializing the Segments property of class NERP.NetworkEntities.Models.GeoNode: Element 'fats' does not match any field or property of class NERP.NetworkEntities.Models.Segment. ---> System.FormatException: Element 'fats' does not match any field or property of class NERP.NetworkEntities.Models.Segment.
   at MongoDB.Bson.Serialization.BsonClassMapSerializer`1.DeserializeClass(BsonDeserializationContext context)
   at MongoDB.Bson.Serialization.BsonClassMapSerializer`1.Deserialize(BsonDeserializationContext context, BsonDeserializationArgs args)
   at MongoDB.Bson.Serialization.IBsonSerializerExtensions.Deserialize[TValue](IBsonSerializer`1 serializer, BsonDeserializationContext context)
   at MongoDB.Bson.Serialization.Serializers.EnumerableSerializerBase`2.Deserialize(BsonDeserializationContext context, BsonDeserializationArgs args)
   at MongoDB.Bson.Serialization.Serializers.SerializerBase`1.MongoDB.Bson.Serialization.IBsonSerializer.Deserialize(BsonDeserializationContext context, BsonDeserializationArgs args)
   at MongoDB.Bson.Serialization.IBsonSerializerExtensions.Deserialize(IBsonSerializer serializer, BsonDeserializationContext context)
   at MongoDB.Bson.Serialization.BsonClassMapSerializer`1.DeserializeMemberValue(BsonDeserializationContext context, BsonMemberMap memberMap)
   --- End of inner exception stack trace ---
   at MongoDB.Bson.Serialization.BsonClassMapSerializer`1.DeserializeMemberValue(BsonDeserializationContext context, BsonMemberMap memberMap)
   at MongoDB.Bson.Serialization.BsonClassMapSerializer`1.DeserializeClass(BsonDeserializationContext context)
   at MongoDB.Bson.Serialization.BsonClassMapSerializer`1.Deserialize(BsonDeserializationContext context, BsonDeserializationArgs args)
   at MongoDB.Bson.Serialization.IBsonSerializerExtensions.Deserialize[TValue](IBsonSerializer`1 serializer, BsonDeserializationContext context)
   at MongoDB.Bson.Serialization.Serializers.EnumerableSerializerBase`2.Deserialize(BsonDeserializationContext context, BsonDeserializationArgs args)
   at MongoDB.Bson.Serialization.Serializers.SerializerBase`1.MongoDB.Bson.Serialization.IBsonSerializer.Deserialize(BsonDeserializationContext context, BsonDeserializationArgs args)
   at MongoDB.Bson.Serialization.IBsonSerializerExtensions.Deserialize(IBsonSerializer serializer, BsonDeserializationContext context)
   at MongoDB.Bson.Serialization.BsonClassMapSerializer`1.DeserializeMemberValue(BsonDeserializationContext context, BsonMemberMap memberMap)
   --- End of inner exception stack trace ---
   at MongoDB.Bson.Serialization.BsonClassMapSerializer`1.DeserializeMemberValue(BsonDeserializationContext context, BsonMemberMap memberMap)
   at MongoDB.Bson.Serialization.BsonClassMapSerializer`1.DeserializeClass(BsonDeserializationContext context)
   at MongoDB.Bson.Serialization.BsonClassMapSerializer`1.Deserialize(BsonDeserializationContext context, BsonDeserializationArgs args)
   at MongoDB.Bson.Serialization.Serializers.SerializerBase`1.MongoDB.Bson.Serialization.IBsonSerializer.Deserialize(BsonDeserializationContext context, BsonDeserializationArgs args)
   at MongoDB.Bson.Serialization.IBsonSerializerExtensions.Deserialize(IBsonSerializer serializer, BsonDeserializationContext context)
   at MongoDB.Bson.Serialization.BsonClassMapSerializer`1.DeserializeMemberValue(BsonDeserializationContext context, BsonMemberMap memberMap)
   --- End of inner exception stack trace ---
   at MongoDB.Bson.Serialization.BsonClassMapSerializer`1.DeserializeMemberValue(BsonDeserializationContext context, BsonMemberMap memberMap)
   at MongoDB.Bson.Serialization.BsonClassMapSerializer`1.DeserializeClass(BsonDeserializationContext context)
   at MongoDB.Bson.Serialization.BsonClassMapSerializer`1.Deserialize(BsonDeserializationContext context, BsonDeserializationArgs args)
   at MongoDB.Bson.Serialization.IBsonSerializerExtensions.Deserialize[TValue](IBsonSerializer`1 serializer, BsonDeserializationContext context)
   at MongoDB.Driver.Core.Operations.CursorBatchDeserializationHelper.DeserializeBatch[TDocument](RawBsonArray batch, IBsonSerializer`1 documentSerializer, MessageEncoderSettings messageEncoderSettings)
   at MongoDB.Driver.Core.Operations.FindCommandOperation`1.CreateCursorBatch(BsonDocument commandResult)
   at MongoDB.Driver.Core.Operations.FindCommandOperation`1.CreateCursor(IChannelSourceHandle channelSource, BsonDocument commandResult)
   at MongoDB.Driver.Core.Operations.FindCommandOperation`1.ExecuteAsync(RetryableReadContext context, CancellationToken cancellationToken)
   at MongoDB.Driver.Core.Operations.FindOperation`1.ExecuteAsync(RetryableReadContext context, CancellationToken cancellationToken)
   at MongoDB.Driver.Core.Operations.FindOperation`1.ExecuteAsync(IReadBinding binding, CancellationToken cancellationToken)
   at MongoDB.Driver.OperationExecutor.ExecuteReadOperationAsync[TResult](IReadBinding binding, IReadOperation`1 operation, CancellationToken cancellationToken)
   at MongoDB.Driver.MongoCollectionImpl`1.ExecuteReadOperationAsync[TResult](IClientSessionHandle session, IReadOperation`1 operation, ReadPreference readPreference, CancellationToken cancellationToken)
   at MongoDB.Driver.MongoCollectionImpl`1.UsingImplicitSessionAsync[TResult](Func`2 funcAsync, CancellationToken cancellationToken)
   at MongoDB.Driver.IAsyncCursorSourceExtensions.ToListAsync[TDocument](IAsyncCursorSource`1 source, CancellationToken cancellationToken)
   at Common.DataAccess.Mongo.MongoRepository`1.GetPaginatedAsync(Expression`1 filter, String sortProperty, SortOrder sortOrder, Int32 page, Int32 pageSize) in E:\rnd_module\Common\Common.DataAccess.Mongo\MongoRepository.cs:line 184
   at NERP.Designs.DesignService.GetDesigns(SearchFilter searchFilter, String orderBy, SortOrder sortOrder, Nullable`1 page, Nullable`1 pageSize) in E:\rnd_module\previous_RND CODE\Solution2\NERP.Design\DesignService.cs:line 45
   at NERP.RND.Web.Controllers.DesignsController.GetDesigns(PaginationRequest paginationRequest) in E:\rnd_module\previous_RND CODE\Solution2\NERP.RND.Web\Controllers\DesignsController.cs:line 76
2020-01-09 17:58:58.209 +05:30 [Error] Error fetching designs.
System.FormatException: An error occurred while deserializing the BluePrint property of class NERP.Designs.Models.Design: An error occurred while deserializing the Children property of class NERP.NetworkEntities.Models.GeoNode: An error occurred while deserializing the Segments property of class NERP.NetworkEntities.Models.GeoNode: Element 'fats' does not match any field or property of class NERP.NetworkEntities.Models.Segment. ---> System.FormatException: An error occurred while deserializing the Children property of class NERP.NetworkEntities.Models.GeoNode: An error occurred while deserializing the Segments property of class NERP.NetworkEntities.Models.GeoNode: Element 'fats' does not match any field or property of class NERP.NetworkEntities.Models.Segment. ---> System.FormatException: An error occurred while deserializing the Segments property of class NERP.NetworkEntities.Models.GeoNode: Element 'fats' does not match any field or property of class NERP.NetworkEntities.Models.Segment. ---> System.FormatException: Element 'fats' does not match any field or property of class NERP.NetworkEntities.Models.Segment.
   at MongoDB.Bson.Serialization.BsonClassMapSerializer`1.DeserializeClass(BsonDeserializationContext context)
   at MongoDB.Bson.Serialization.BsonClassMapSerializer`1.Deserialize(BsonDeserializationContext context, BsonDeserializationArgs args)
   at MongoDB.Bson.Serialization.IBsonSerializerExtensions.Deserialize[TValue](IBsonSerializer`1 serializer, BsonDeserializationContext context)
   at MongoDB.Bson.Serialization.Serializers.EnumerableSerializerBase`2.Deserialize(BsonDeserializationContext context, BsonDeserializationArgs args)
   at MongoDB.Bson.Serialization.Serializers.SerializerBase`1.MongoDB.Bson.Serialization.IBsonSerializer.Deserialize(BsonDeserializationContext context, BsonDeserializationArgs args)
   at MongoDB.Bson.Serialization.IBsonSerializerExtensions.Deserialize(IBsonSerializer serializer, BsonDeserializationContext context)
   at MongoDB.Bson.Serialization.BsonClassMapSerializer`1.DeserializeMemberValue(BsonDeserializationContext context, BsonMemberMap memberMap)
   --- End of inner exception stack trace ---
   at MongoDB.Bson.Serialization.BsonClassMapSerializer`1.DeserializeMemberValue(BsonDeserializationContext context, BsonMemberMap memberMap)
   at MongoDB.Bson.Serialization.BsonClassMapSerializer`1.DeserializeClass(BsonDeserializationContext context)
   at MongoDB.Bson.Serialization.BsonClassMapSerializer`1.Deserialize(BsonDeserializationContext context, BsonDeserializationArgs args)
   at MongoDB.Bson.Serialization.IBsonSerializerExtensions.Deserialize[TValue](IBsonSerializer`1 serializer, BsonDeserializationContext context)
   at MongoDB.Bson.Serialization.Serializers.EnumerableSerializerBase`2.Deserialize(BsonDeserializationContext context, BsonDeserializationArgs args)
   at MongoDB.Bson.Serialization.Serializers.SerializerBase`1.MongoDB.Bson.Serialization.IBsonSerializer.Deserialize(BsonDeserializationContext context, BsonDeserializationArgs args)
   at MongoDB.Bson.Serialization.IBsonSerializerExtensions.Deserialize(IBsonSerializer serializer, BsonDeserializationContext context)
   at MongoDB.Bson.Serialization.BsonClassMapSerializer`1.DeserializeMemberValue(BsonDeserializationContext context, BsonMemberMap memberMap)
   --- End of inner exception stack trace ---
   at MongoDB.Bson.Serialization.BsonClassMapSerializer`1.DeserializeMemberValue(BsonDeserializationContext context, BsonMemberMap memberMap)
   at MongoDB.Bson.Serialization.BsonClassMapSerializer`1.DeserializeClass(BsonDeserializationContext context)
   at MongoDB.Bson.Serialization.BsonClassMapSerializer`1.Deserialize(BsonDeserializationContext context, BsonDeserializationArgs args)
   at MongoDB.Bson.Serialization.Serializers.SerializerBase`1.MongoDB.Bson.Serialization.IBsonSerializer.Deserialize(BsonDeserializationContext context, BsonDeserializationArgs args)
   at MongoDB.Bson.Serialization.IBsonSerializerExtensions.Deserialize(IBsonSerializer serializer, BsonDeserializationContext context)
   at MongoDB.Bson.Serialization.BsonClassMapSerializer`1.DeserializeMemberValue(BsonDeserializationContext context, BsonMemberMap memberMap)
   --- End of inner exception stack trace ---
   at MongoDB.Bson.Serialization.BsonClassMapSerializer`1.DeserializeMemberValue(BsonDeserializationContext context, BsonMemberMap memberMap)
   at MongoDB.Bson.Serialization.BsonClassMapSerializer`1.DeserializeClass(BsonDeserializationContext context)
   at MongoDB.Bson.Serialization.BsonClassMapSerializer`1.Deserialize(BsonDeserializationContext context, BsonDeserializationArgs args)
   at MongoDB.Bson.Serialization.IBsonSerializerExtensions.Deserialize[TValue](IBsonSerializer`1 serializer, BsonDeserializationContext context)
   at MongoDB.Driver.Core.Operations.CursorBatchDeserializationHelper.DeserializeBatch[TDocument](RawBsonArray batch, IBsonSerializer`1 documentSerializer, MessageEncoderSettings messageEncoderSettings)
   at MongoDB.Driver.Core.Operations.FindCommandOperation`1.CreateCursorBatch(BsonDocument commandResult)
   at MongoDB.Driver.Core.Operations.FindCommandOperation`1.CreateCursor(IChannelSourceHandle channelSource, BsonDocument commandResult)
   at MongoDB.Driver.Core.Operations.FindCommandOperation`1.ExecuteAsync(RetryableReadContext context, CancellationToken cancellationToken)
   at MongoDB.Driver.Core.Operations.FindOperation`1.ExecuteAsync(RetryableReadContext context, CancellationToken cancellationToken)
   at MongoDB.Driver.Core.Operations.FindOperation`1.ExecuteAsync(IReadBinding binding, CancellationToken cancellationToken)
   at MongoDB.Driver.OperationExecutor.ExecuteReadOperationAsync[TResult](IReadBinding binding, IReadOperation`1 operation, CancellationToken cancellationToken)
   at MongoDB.Driver.MongoCollectionImpl`1.ExecuteReadOperationAsync[TResult](IClientSessionHandle session, IReadOperation`1 operation, ReadPreference readPreference, CancellationToken cancellationToken)
   at MongoDB.Driver.MongoCollectionImpl`1.UsingImplicitSessionAsync[TResult](Func`2 funcAsync, CancellationToken cancellationToken)
   at MongoDB.Driver.IAsyncCursorSourceExtensions.ToListAsync[TDocument](IAsyncCursorSource`1 source, CancellationToken cancellationToken)
   at Common.DataAccess.Mongo.MongoRepository`1.GetPaginatedAsync(Expression`1 filter, String sortProperty, SortOrder sortOrder, Int32 page, Int32 pageSize) in E:\rnd_module\Common\Common.DataAccess.Mongo\MongoRepository.cs:line 184
   at NERP.Designs.DesignService.GetDesigns(SearchFilter searchFilter, String orderBy, SortOrder sortOrder, Nullable`1 page, Nullable`1 pageSize) in E:\rnd_module\previous_RND CODE\Solution2\NERP.Design\DesignService.cs:line 45
   at NERP.RND.Web.Controllers.DesignsController.GetDesigns(PaginationRequest paginationRequest) in E:\rnd_module\previous_RND CODE\Solution2\NERP.RND.Web\Controllers\DesignsController.cs:line 76
2020-01-09 18:00:24.562 +05:30 [Error] Error fetching designs.
System.FormatException: An error occurred while deserializing the BluePrint property of class NERP.Designs.Models.Design: An error occurred while deserializing the Children property of class NERP.NetworkEntities.Models.GeoNode: An error occurred while deserializing the Segments property of class NERP.NetworkEntities.Models.GeoNode: Element 'fats' does not match any field or property of class NERP.NetworkEntities.Models.Segment. ---> System.FormatException: An error occurred while deserializing the Children property of class NERP.NetworkEntities.Models.GeoNode: An error occurred while deserializing the Segments property of class NERP.NetworkEntities.Models.GeoNode: Element 'fats' does not match any field or property of class NERP.NetworkEntities.Models.Segment. ---> System.FormatException: An error occurred while deserializing the Segments property of class NERP.NetworkEntities.Models.GeoNode: Element 'fats' does not match any field or property of class NERP.NetworkEntities.Models.Segment. ---> System.FormatException: Element 'fats' does not match any field or property of class NERP.NetworkEntities.Models.Segment.
   at MongoDB.Bson.Serialization.BsonClassMapSerializer`1.DeserializeClass(BsonDeserializationContext context)
   at MongoDB.Bson.Serialization.BsonClassMapSerializer`1.Deserialize(BsonDeserializationContext context, BsonDeserializationArgs args)
   at MongoDB.Bson.Serialization.IBsonSerializerExtensions.Deserialize[TValue](IBsonSerializer`1 serializer, BsonDeserializationContext context)
   at MongoDB.Bson.Serialization.Serializers.EnumerableSerializerBase`2.Deserialize(BsonDeserializationContext context, BsonDeserializationArgs args)
   at MongoDB.Bson.Serialization.Serializers.SerializerBase`1.MongoDB.Bson.Serialization.IBsonSerializer.Deserialize(BsonDeserializationContext context, BsonDeserializationArgs args)
   at MongoDB.Bson.Serialization.IBsonSerializerExtensions.Deserialize(IBsonSerializer serializer, BsonDeserializationContext context)
   at MongoDB.Bson.Serialization.BsonClassMapSerializer`1.DeserializeMemberValue(BsonDeserializationContext context, BsonMemberMap memberMap)
   --- End of inner exception stack trace ---
   at MongoDB.Bson.Serialization.BsonClassMapSerializer`1.DeserializeMemberValue(BsonDeserializationContext context, BsonMemberMap memberMap)
   at MongoDB.Bson.Serialization.BsonClassMapSerializer`1.DeserializeClass(BsonDeserializationContext context)
   at MongoDB.Bson.Serialization.BsonClassMapSerializer`1.Deserialize(BsonDeserializationContext context, BsonDeserializationArgs args)
   at MongoDB.Bson.Serialization.IBsonSerializerExtensions.Deserialize[TValue](IBsonSerializer`1 serializer, BsonDeserializationContext context)
   at MongoDB.Bson.Serialization.Serializers.EnumerableSerializerBase`2.Deserialize(BsonDeserializationContext context, BsonDeserializationArgs args)
   at MongoDB.Bson.Serialization.Serializers.SerializerBase`1.MongoDB.Bson.Serialization.IBsonSerializer.Deserialize(BsonDeserializationContext context, BsonDeserializationArgs args)
   at MongoDB.Bson.Serialization.IBsonSerializerExtensions.Deserialize(IBsonSerializer serializer, BsonDeserializationContext context)
   at MongoDB.Bson.Serialization.BsonClassMapSerializer`1.DeserializeMemberValue(BsonDeserializationContext context, BsonMemberMap memberMap)
   --- End of inner exception stack trace ---
   at MongoDB.Bson.Serialization.BsonClassMapSerializer`1.DeserializeMemberValue(BsonDeserializationContext context, BsonMemberMap memberMap)
   at MongoDB.Bson.Serialization.BsonClassMapSerializer`1.DeserializeClass(BsonDeserializationContext context)
   at MongoDB.Bson.Serialization.BsonClassMapSerializer`1.Deserialize(BsonDeserializationContext context, BsonDeserializationArgs args)
   at MongoDB.Bson.Serialization.Serializers.SerializerBase`1.MongoDB.Bson.Serialization.IBsonSerializer.Deserialize(BsonDeserializationContext context, BsonDeserializationArgs args)
   at MongoDB.Bson.Serialization.IBsonSerializerExtensions.Deserialize(IBsonSerializer serializer, BsonDeserializationContext context)
   at MongoDB.Bson.Serialization.BsonClassMapSerializer`1.DeserializeMemberValue(BsonDeserializationContext context, BsonMemberMap memberMap)
   --- End of inner exception stack trace ---
   at MongoDB.Bson.Serialization.BsonClassMapSerializer`1.DeserializeMemberValue(BsonDeserializationContext context, BsonMemberMap memberMap)
   at MongoDB.Bson.Serialization.BsonClassMapSerializer`1.DeserializeClass(BsonDeserializationContext context)
   at MongoDB.Bson.Serialization.BsonClassMapSerializer`1.Deserialize(BsonDeserializationContext context, BsonDeserializationArgs args)
   at MongoDB.Bson.Serialization.IBsonSerializerExtensions.Deserialize[TValue](IBsonSerializer`1 serializer, BsonDeserializationContext context)
   at MongoDB.Driver.Core.Operations.CursorBatchDeserializationHelper.DeserializeBatch[TDocument](RawBsonArray batch, IBsonSerializer`1 documentSerializer, MessageEncoderSettings messageEncoderSettings)
   at MongoDB.Driver.Core.Operations.FindCommandOperation`1.CreateCursorBatch(BsonDocument commandResult)
   at MongoDB.Driver.Core.Operations.FindCommandOperation`1.CreateCursor(IChannelSourceHandle channelSource, BsonDocument commandResult)
   at MongoDB.Driver.Core.Operations.FindCommandOperation`1.ExecuteAsync(RetryableReadContext context, CancellationToken cancellationToken)
   at MongoDB.Driver.Core.Operations.FindOperation`1.ExecuteAsync(RetryableReadContext context, CancellationToken cancellationToken)
   at MongoDB.Driver.Core.Operations.FindOperation`1.ExecuteAsync(IReadBinding binding, CancellationToken cancellationToken)
   at MongoDB.Driver.OperationExecutor.ExecuteReadOperationAsync[TResult](IReadBinding binding, IReadOperation`1 operation, CancellationToken cancellationToken)
   at MongoDB.Driver.MongoCollectionImpl`1.ExecuteReadOperationAsync[TResult](IClientSessionHandle session, IReadOperation`1 operation, ReadPreference readPreference, CancellationToken cancellationToken)
   at MongoDB.Driver.MongoCollectionImpl`1.UsingImplicitSessionAsync[TResult](Func`2 funcAsync, CancellationToken cancellationToken)
   at MongoDB.Driver.IAsyncCursorSourceExtensions.ToListAsync[TDocument](IAsyncCursorSource`1 source, CancellationToken cancellationToken)
   at Common.DataAccess.Mongo.MongoRepository`1.GetPaginatedAsync(Expression`1 filter, String sortProperty, SortOrder sortOrder, Int32 page, Int32 pageSize) in E:\rnd_module\Common\Common.DataAccess.Mongo\MongoRepository.cs:line 184
   at NERP.Designs.DesignService.GetDesigns(SearchFilter searchFilter, String orderBy, SortOrder sortOrder, Nullable`1 page, Nullable`1 pageSize) in E:\rnd_module\previous_RND CODE\Solution2\NERP.Design\DesignService.cs:line 45
   at NERP.RND.Web.Controllers.DesignsController.GetDesigns(PaginationRequest paginationRequest) in E:\rnd_module\previous_RND CODE\Solution2\NERP.RND.Web\Controllers\DesignsController.cs:line 76
