2020-01-03 12:04:50.023 +05:30 [Error] Error fetching designs.
System.FormatException: Element 'Status' does not match any field or property of class NERP.Designs.Models.Design.
   at MongoDB.Bson.Serialization.BsonClassMapSerializer`1.DeserializeClass(BsonDeserializationContext context)
   at MongoDB.Bson.Serialization.BsonClassMapSerializer`1.Deserialize(BsonDeserializationContext context, BsonDeserializationArgs args)
   at MongoDB.Bson.Serialization.IBsonSerializerExtensions.Deserialize[TValue](IBsonSerializer`1 serializer, BsonDeserializationContext context)
   at MongoDB.Driver.Core.Operations.CursorBatchDeserializationHelper.DeserializeBatch[TDocument](RawBsonArray batch, IBsonSerializer`1 documentSerializer, MessageEncoderSettings messageEncoderSettings)
   at MongoDB.Driver.Core.Operations.FindCommandOperation`1.CreateCursorBatch(BsonDocument commandResult)
   at MongoDB.Driver.Core.Operations.FindCommandOperation`1.CreateCursor(IChannelSourceHandle channelSource, BsonDocument commandResult)
   at MongoDB.Driver.Core.Operations.FindCommandOperation`1.ExecuteAsync(RetryableReadContext context, CancellationToken cancellationToken)
   at MongoDB.Driver.Core.Operations.FindOperation`1.ExecuteAsync(RetryableReadContext context, CancellationToken cancellationToken)
   at MongoDB.Driver.Core.Operations.FindOperation`1.ExecuteAsync(IReadBinding binding, CancellationToken cancellationToken)
   at MongoDB.Driver.OperationExecutor.ExecuteReadOperationAsync[TResult](IReadBinding binding, IReadOperation`1 operation, CancellationToken cancellationToken)
   at MongoDB.Driver.MongoCollectionImpl`1.ExecuteReadOperationAsync[TResult](IClientSessionHandle session, IReadOperation`1 operation, ReadPreference readPreference, CancellationToken cancellationToken)
   at MongoDB.Driver.MongoCollectionImpl`1.UsingImplicitSessionAsync[TResult](Func`2 funcAsync, CancellationToken cancellationToken)
   at MongoDB.Driver.IAsyncCursorSourceExtensions.ToListAsync[TDocument](IAsyncCursorSource`1 source, CancellationToken cancellationToken)
   at Common.DataAccess.Mongo.MongoRepository`1.GetPaginatedAsync(Expression`1 filter, String sortProperty, SortOrder sortOrder, Int32 page, Int32 pageSize) in E:\rnd_module\Common\Common.DataAccess.Mongo\MongoRepository.cs:line 184
   at NERP.Designs.DesignService.GetDesigns(SearchFilter searchFilter, String orderBy, SortOrder sortOrder, Nullable`1 page, Nullable`1 pageSize) in E:\rnd_module\previous_RND CODE\Solution2\NERP.Design\DesignService.cs:line 45
   at NERP.RND.Web.Controllers.DesignsController.GetDesigns(PaginationRequest paginationRequest) in E:\rnd_module\previous_RND CODE\Solution2\NERP.RND.Web\Controllers\DesignsController.cs:line 76
2020-01-03 12:05:11.359 +05:30 [Error] Error fetching clusters.
System.FormatException: Element 'isSelected' does not match any field or property of class NERP.Homepasses.Model.Cluster.
   at MongoDB.Bson.Serialization.BsonClassMapSerializer`1.DeserializeClass(BsonDeserializationContext context)
   at MongoDB.Bson.Serialization.BsonClassMapSerializer`1.Deserialize(BsonDeserializationContext context, BsonDeserializationArgs args)
   at MongoDB.Bson.Serialization.IBsonSerializerExtensions.Deserialize[TValue](IBsonSerializer`1 serializer, BsonDeserializationContext context)
   at MongoDB.Driver.Core.Operations.CursorBatchDeserializationHelper.DeserializeBatch[TDocument](RawBsonArray batch, IBsonSerializer`1 documentSerializer, MessageEncoderSettings messageEncoderSettings)
   at MongoDB.Driver.Core.Operations.FindCommandOperation`1.CreateCursorBatch(BsonDocument commandResult)
   at MongoDB.Driver.Core.Operations.FindCommandOperation`1.CreateCursor(IChannelSourceHandle channelSource, BsonDocument commandResult)
   at MongoDB.Driver.Core.Operations.FindCommandOperation`1.ExecuteAsync(RetryableReadContext context, CancellationToken cancellationToken)
   at MongoDB.Driver.Core.Operations.FindOperation`1.ExecuteAsync(RetryableReadContext context, CancellationToken cancellationToken)
   at MongoDB.Driver.Core.Operations.FindOperation`1.ExecuteAsync(IReadBinding binding, CancellationToken cancellationToken)
   at MongoDB.Driver.OperationExecutor.ExecuteReadOperationAsync[TResult](IReadBinding binding, IReadOperation`1 operation, CancellationToken cancellationToken)
   at MongoDB.Driver.MongoCollectionImpl`1.ExecuteReadOperationAsync[TResult](IClientSessionHandle session, IReadOperation`1 operation, ReadPreference readPreference, CancellationToken cancellationToken)
   at MongoDB.Driver.MongoCollectionImpl`1.UsingImplicitSessionAsync[TResult](Func`2 funcAsync, CancellationToken cancellationToken)
   at MongoDB.Driver.IAsyncCursorSourceExtensions.ToListAsync[TDocument](IAsyncCursorSource`1 source, CancellationToken cancellationToken)
   at Common.DataAccess.Mongo.MongoRepository`1.GetPaginatedAsync(Expression`1 filter, String sortProperty, SortOrder sortOrder, Int32 page, Int32 pageSize) in E:\rnd_module\Common\Common.DataAccess.Mongo\MongoRepository.cs:line 184
   at NERP.Homepasses.ClusterService.GetClusters(SearchFilter searchFilter, String orderBy, SortOrder sortOrder, Nullable`1 page, Nullable`1 pageSize) in E:\rnd_module\previous_RND CODE\Solution2\NERP.Homepasses\ClusterService.cs:line 45
   at NERP.RND.Web.Controllers.ClustersController.GetClusters(PaginationRequest paginationRequest) in E:\rnd_module\previous_RND CODE\Solution2\NERP.RND.Web\Controllers\ClustersController.cs:line 58
2020-01-03 12:05:16.557 +05:30 [Error] Error fetching designs.
System.FormatException: Element 'Status' does not match any field or property of class NERP.Designs.Models.Design.
   at MongoDB.Bson.Serialization.BsonClassMapSerializer`1.DeserializeClass(BsonDeserializationContext context)
   at MongoDB.Bson.Serialization.BsonClassMapSerializer`1.Deserialize(BsonDeserializationContext context, BsonDeserializationArgs args)
   at MongoDB.Bson.Serialization.IBsonSerializerExtensions.Deserialize[TValue](IBsonSerializer`1 serializer, BsonDeserializationContext context)
   at MongoDB.Driver.Core.Operations.CursorBatchDeserializationHelper.DeserializeBatch[TDocument](RawBsonArray batch, IBsonSerializer`1 documentSerializer, MessageEncoderSettings messageEncoderSettings)
   at MongoDB.Driver.Core.Operations.FindCommandOperation`1.CreateCursorBatch(BsonDocument commandResult)
   at MongoDB.Driver.Core.Operations.FindCommandOperation`1.CreateCursor(IChannelSourceHandle channelSource, BsonDocument commandResult)
   at MongoDB.Driver.Core.Operations.FindCommandOperation`1.ExecuteAsync(RetryableReadContext context, CancellationToken cancellationToken)
   at MongoDB.Driver.Core.Operations.FindOperation`1.ExecuteAsync(RetryableReadContext context, CancellationToken cancellationToken)
   at MongoDB.Driver.Core.Operations.FindOperation`1.ExecuteAsync(IReadBinding binding, CancellationToken cancellationToken)
   at MongoDB.Driver.OperationExecutor.ExecuteReadOperationAsync[TResult](IReadBinding binding, IReadOperation`1 operation, CancellationToken cancellationToken)
   at MongoDB.Driver.MongoCollectionImpl`1.ExecuteReadOperationAsync[TResult](IClientSessionHandle session, IReadOperation`1 operation, ReadPreference readPreference, CancellationToken cancellationToken)
   at MongoDB.Driver.MongoCollectionImpl`1.UsingImplicitSessionAsync[TResult](Func`2 funcAsync, CancellationToken cancellationToken)
   at MongoDB.Driver.IAsyncCursorSourceExtensions.ToListAsync[TDocument](IAsyncCursorSource`1 source, CancellationToken cancellationToken)
   at Common.DataAccess.Mongo.MongoRepository`1.GetPaginatedAsync(Expression`1 filter, String sortProperty, SortOrder sortOrder, Int32 page, Int32 pageSize) in E:\rnd_module\Common\Common.DataAccess.Mongo\MongoRepository.cs:line 184
   at NERP.Designs.DesignService.GetDesigns(SearchFilter searchFilter, String orderBy, SortOrder sortOrder, Nullable`1 page, Nullable`1 pageSize) in E:\rnd_module\previous_RND CODE\Solution2\NERP.Design\DesignService.cs:line 45
   at NERP.RND.Web.Controllers.DesignsController.GetDesigns(PaginationRequest paginationRequest) in E:\rnd_module\previous_RND CODE\Solution2\NERP.RND.Web\Controllers\DesignsController.cs:line 76
2020-01-03 12:06:45.694 +05:30 [Error] Error fetching designs.
System.FormatException: Element 'Status' does not match any field or property of class NERP.Designs.Models.Design.
   at MongoDB.Bson.Serialization.BsonClassMapSerializer`1.DeserializeClass(BsonDeserializationContext context)
   at MongoDB.Bson.Serialization.BsonClassMapSerializer`1.Deserialize(BsonDeserializationContext context, BsonDeserializationArgs args)
   at MongoDB.Bson.Serialization.IBsonSerializerExtensions.Deserialize[TValue](IBsonSerializer`1 serializer, BsonDeserializationContext context)
   at MongoDB.Driver.Core.Operations.CursorBatchDeserializationHelper.DeserializeBatch[TDocument](RawBsonArray batch, IBsonSerializer`1 documentSerializer, MessageEncoderSettings messageEncoderSettings)
   at MongoDB.Driver.Core.Operations.FindCommandOperation`1.CreateCursorBatch(BsonDocument commandResult)
   at MongoDB.Driver.Core.Operations.FindCommandOperation`1.CreateCursor(IChannelSourceHandle channelSource, BsonDocument commandResult)
   at MongoDB.Driver.Core.Operations.FindCommandOperation`1.ExecuteAsync(RetryableReadContext context, CancellationToken cancellationToken)
   at MongoDB.Driver.Core.Operations.FindOperation`1.ExecuteAsync(RetryableReadContext context, CancellationToken cancellationToken)
   at MongoDB.Driver.Core.Operations.FindOperation`1.ExecuteAsync(IReadBinding binding, CancellationToken cancellationToken)
   at MongoDB.Driver.OperationExecutor.ExecuteReadOperationAsync[TResult](IReadBinding binding, IReadOperation`1 operation, CancellationToken cancellationToken)
   at MongoDB.Driver.MongoCollectionImpl`1.ExecuteReadOperationAsync[TResult](IClientSessionHandle session, IReadOperation`1 operation, ReadPreference readPreference, CancellationToken cancellationToken)
   at MongoDB.Driver.MongoCollectionImpl`1.UsingImplicitSessionAsync[TResult](Func`2 funcAsync, CancellationToken cancellationToken)
   at MongoDB.Driver.IAsyncCursorSourceExtensions.ToListAsync[TDocument](IAsyncCursorSource`1 source, CancellationToken cancellationToken)
   at Common.DataAccess.Mongo.MongoRepository`1.GetPaginatedAsync(Expression`1 filter, String sortProperty, SortOrder sortOrder, Int32 page, Int32 pageSize) in E:\rnd_module\Common\Common.DataAccess.Mongo\MongoRepository.cs:line 184
   at NERP.Designs.DesignService.GetDesigns(SearchFilter searchFilter, String orderBy, SortOrder sortOrder, Nullable`1 page, Nullable`1 pageSize) in E:\rnd_module\previous_RND CODE\Solution2\NERP.Design\DesignService.cs:line 45
   at NERP.RND.Web.Controllers.DesignsController.GetDesigns(PaginationRequest paginationRequest) in E:\rnd_module\previous_RND CODE\Solution2\NERP.RND.Web\Controllers\DesignsController.cs:line 76
2020-01-03 12:06:46.482 +05:30 [Error] Error fetching designs.
System.FormatException: Element 'Status' does not match any field or property of class NERP.Designs.Models.Design.
   at MongoDB.Bson.Serialization.BsonClassMapSerializer`1.DeserializeClass(BsonDeserializationContext context)
   at MongoDB.Bson.Serialization.BsonClassMapSerializer`1.Deserialize(BsonDeserializationContext context, BsonDeserializationArgs args)
   at MongoDB.Bson.Serialization.IBsonSerializerExtensions.Deserialize[TValue](IBsonSerializer`1 serializer, BsonDeserializationContext context)
   at MongoDB.Driver.Core.Operations.CursorBatchDeserializationHelper.DeserializeBatch[TDocument](RawBsonArray batch, IBsonSerializer`1 documentSerializer, MessageEncoderSettings messageEncoderSettings)
   at MongoDB.Driver.Core.Operations.FindCommandOperation`1.CreateCursorBatch(BsonDocument commandResult)
   at MongoDB.Driver.Core.Operations.FindCommandOperation`1.CreateCursor(IChannelSourceHandle channelSource, BsonDocument commandResult)
   at MongoDB.Driver.Core.Operations.FindCommandOperation`1.ExecuteAsync(RetryableReadContext context, CancellationToken cancellationToken)
   at MongoDB.Driver.Core.Operations.FindOperation`1.ExecuteAsync(RetryableReadContext context, CancellationToken cancellationToken)
   at MongoDB.Driver.Core.Operations.FindOperation`1.ExecuteAsync(IReadBinding binding, CancellationToken cancellationToken)
   at MongoDB.Driver.OperationExecutor.ExecuteReadOperationAsync[TResult](IReadBinding binding, IReadOperation`1 operation, CancellationToken cancellationToken)
   at MongoDB.Driver.MongoCollectionImpl`1.ExecuteReadOperationAsync[TResult](IClientSessionHandle session, IReadOperation`1 operation, ReadPreference readPreference, CancellationToken cancellationToken)
   at MongoDB.Driver.MongoCollectionImpl`1.UsingImplicitSessionAsync[TResult](Func`2 funcAsync, CancellationToken cancellationToken)
   at MongoDB.Driver.IAsyncCursorSourceExtensions.ToListAsync[TDocument](IAsyncCursorSource`1 source, CancellationToken cancellationToken)
   at Common.DataAccess.Mongo.MongoRepository`1.GetPaginatedAsync(Expression`1 filter, String sortProperty, SortOrder sortOrder, Int32 page, Int32 pageSize) in E:\rnd_module\Common\Common.DataAccess.Mongo\MongoRepository.cs:line 184
   at NERP.Designs.DesignService.GetDesigns(SearchFilter searchFilter, String orderBy, SortOrder sortOrder, Nullable`1 page, Nullable`1 pageSize) in E:\rnd_module\previous_RND CODE\Solution2\NERP.Design\DesignService.cs:line 45
   at NERP.RND.Web.Controllers.DesignsController.GetDesigns(PaginationRequest paginationRequest) in E:\rnd_module\previous_RND CODE\Solution2\NERP.RND.Web\Controllers\DesignsController.cs:line 76
2020-01-03 12:10:28.753 +05:30 [Error] Error fetching designs.
System.FormatException: Element 'Status' does not match any field or property of class NERP.Designs.Models.Design.
   at MongoDB.Bson.Serialization.BsonClassMapSerializer`1.DeserializeClass(BsonDeserializationContext context)
   at MongoDB.Bson.Serialization.BsonClassMapSerializer`1.Deserialize(BsonDeserializationContext context, BsonDeserializationArgs args)
   at MongoDB.Bson.Serialization.IBsonSerializerExtensions.Deserialize[TValue](IBsonSerializer`1 serializer, BsonDeserializationContext context)
   at MongoDB.Driver.Core.Operations.CursorBatchDeserializationHelper.DeserializeBatch[TDocument](RawBsonArray batch, IBsonSerializer`1 documentSerializer, MessageEncoderSettings messageEncoderSettings)
   at MongoDB.Driver.Core.Operations.FindCommandOperation`1.CreateCursorBatch(BsonDocument commandResult)
   at MongoDB.Driver.Core.Operations.FindCommandOperation`1.CreateCursor(IChannelSourceHandle channelSource, BsonDocument commandResult)
   at MongoDB.Driver.Core.Operations.FindCommandOperation`1.ExecuteAsync(RetryableReadContext context, CancellationToken cancellationToken)
   at MongoDB.Driver.Core.Operations.FindOperation`1.ExecuteAsync(RetryableReadContext context, CancellationToken cancellationToken)
   at MongoDB.Driver.Core.Operations.FindOperation`1.ExecuteAsync(IReadBinding binding, CancellationToken cancellationToken)
   at MongoDB.Driver.OperationExecutor.ExecuteReadOperationAsync[TResult](IReadBinding binding, IReadOperation`1 operation, CancellationToken cancellationToken)
   at MongoDB.Driver.MongoCollectionImpl`1.ExecuteReadOperationAsync[TResult](IClientSessionHandle session, IReadOperation`1 operation, ReadPreference readPreference, CancellationToken cancellationToken)
   at MongoDB.Driver.MongoCollectionImpl`1.UsingImplicitSessionAsync[TResult](Func`2 funcAsync, CancellationToken cancellationToken)
   at MongoDB.Driver.IAsyncCursorSourceExtensions.ToListAsync[TDocument](IAsyncCursorSource`1 source, CancellationToken cancellationToken)
   at Common.DataAccess.Mongo.MongoRepository`1.GetPaginatedAsync(Expression`1 filter, String sortProperty, SortOrder sortOrder, Int32 page, Int32 pageSize) in E:\rnd_module\Common\Common.DataAccess.Mongo\MongoRepository.cs:line 184
   at NERP.Designs.DesignService.GetDesigns(SearchFilter searchFilter, String orderBy, SortOrder sortOrder, Nullable`1 page, Nullable`1 pageSize) in E:\rnd_module\previous_RND CODE\Solution2\NERP.Design\DesignService.cs:line 45
   at NERP.RND.Web.Controllers.DesignsController.GetDesigns(PaginationRequest paginationRequest) in E:\rnd_module\previous_RND CODE\Solution2\NERP.RND.Web\Controllers\DesignsController.cs:line 76
2020-01-03 12:13:32.880 +05:30 [Error] Error fetching designs.
System.FormatException: Element 'Status' does not match any field or property of class NERP.Designs.Models.Design.
   at MongoDB.Bson.Serialization.BsonClassMapSerializer`1.DeserializeClass(BsonDeserializationContext context)
   at MongoDB.Bson.Serialization.BsonClassMapSerializer`1.Deserialize(BsonDeserializationContext context, BsonDeserializationArgs args)
   at MongoDB.Bson.Serialization.IBsonSerializerExtensions.Deserialize[TValue](IBsonSerializer`1 serializer, BsonDeserializationContext context)
   at MongoDB.Driver.Core.Operations.CursorBatchDeserializationHelper.DeserializeBatch[TDocument](RawBsonArray batch, IBsonSerializer`1 documentSerializer, MessageEncoderSettings messageEncoderSettings)
   at MongoDB.Driver.Core.Operations.FindCommandOperation`1.CreateCursorBatch(BsonDocument commandResult)
   at MongoDB.Driver.Core.Operations.FindCommandOperation`1.CreateCursor(IChannelSourceHandle channelSource, BsonDocument commandResult)
   at MongoDB.Driver.Core.Operations.FindCommandOperation`1.ExecuteAsync(RetryableReadContext context, CancellationToken cancellationToken)
   at MongoDB.Driver.Core.Operations.FindOperation`1.ExecuteAsync(RetryableReadContext context, CancellationToken cancellationToken)
   at MongoDB.Driver.Core.Operations.FindOperation`1.ExecuteAsync(IReadBinding binding, CancellationToken cancellationToken)
   at MongoDB.Driver.OperationExecutor.ExecuteReadOperationAsync[TResult](IReadBinding binding, IReadOperation`1 operation, CancellationToken cancellationToken)
   at MongoDB.Driver.MongoCollectionImpl`1.ExecuteReadOperationAsync[TResult](IClientSessionHandle session, IReadOperation`1 operation, ReadPreference readPreference, CancellationToken cancellationToken)
   at MongoDB.Driver.MongoCollectionImpl`1.UsingImplicitSessionAsync[TResult](Func`2 funcAsync, CancellationToken cancellationToken)
   at MongoDB.Driver.IAsyncCursorSourceExtensions.ToListAsync[TDocument](IAsyncCursorSource`1 source, CancellationToken cancellationToken)
   at Common.DataAccess.Mongo.MongoRepository`1.GetPaginatedAsync(Expression`1 filter, String sortProperty, SortOrder sortOrder, Int32 page, Int32 pageSize) in E:\rnd_module\Common\Common.DataAccess.Mongo\MongoRepository.cs:line 184
   at NERP.Designs.DesignService.GetDesigns(SearchFilter searchFilter, String orderBy, SortOrder sortOrder, Nullable`1 page, Nullable`1 pageSize) in E:\rnd_module\previous_RND CODE\Solution2\NERP.Design\DesignService.cs:line 45
   at NERP.RND.Web.Controllers.DesignsController.GetDesigns(PaginationRequest paginationRequest) in E:\rnd_module\previous_RND CODE\Solution2\NERP.RND.Web\Controllers\DesignsController.cs:line 76
2020-01-03 12:27:11.702 +05:30 [Error] Error fetching clusters.
System.FormatException: Element 'isSelected' does not match any field or property of class NERP.Homepasses.Model.Cluster.
   at MongoDB.Bson.Serialization.BsonClassMapSerializer`1.DeserializeClass(BsonDeserializationContext context)
   at MongoDB.Bson.Serialization.BsonClassMapSerializer`1.Deserialize(BsonDeserializationContext context, BsonDeserializationArgs args)
   at MongoDB.Bson.Serialization.IBsonSerializerExtensions.Deserialize[TValue](IBsonSerializer`1 serializer, BsonDeserializationContext context)
   at MongoDB.Driver.Core.Operations.CursorBatchDeserializationHelper.DeserializeBatch[TDocument](RawBsonArray batch, IBsonSerializer`1 documentSerializer, MessageEncoderSettings messageEncoderSettings)
   at MongoDB.Driver.Core.Operations.FindCommandOperation`1.CreateCursorBatch(BsonDocument commandResult)
   at MongoDB.Driver.Core.Operations.FindCommandOperation`1.CreateCursor(IChannelSourceHandle channelSource, BsonDocument commandResult)
   at MongoDB.Driver.Core.Operations.FindCommandOperation`1.ExecuteAsync(RetryableReadContext context, CancellationToken cancellationToken)
   at MongoDB.Driver.Core.Operations.FindOperation`1.ExecuteAsync(RetryableReadContext context, CancellationToken cancellationToken)
   at MongoDB.Driver.Core.Operations.FindOperation`1.ExecuteAsync(IReadBinding binding, CancellationToken cancellationToken)
   at MongoDB.Driver.OperationExecutor.ExecuteReadOperationAsync[TResult](IReadBinding binding, IReadOperation`1 operation, CancellationToken cancellationToken)
   at MongoDB.Driver.MongoCollectionImpl`1.ExecuteReadOperationAsync[TResult](IClientSessionHandle session, IReadOperation`1 operation, ReadPreference readPreference, CancellationToken cancellationToken)
   at MongoDB.Driver.MongoCollectionImpl`1.UsingImplicitSessionAsync[TResult](Func`2 funcAsync, CancellationToken cancellationToken)
   at MongoDB.Driver.IAsyncCursorSourceExtensions.ToListAsync[TDocument](IAsyncCursorSource`1 source, CancellationToken cancellationToken)
   at Common.DataAccess.Mongo.MongoRepository`1.GetPaginatedAsync(Expression`1 filter, String sortProperty, SortOrder sortOrder, Int32 page, Int32 pageSize) in E:\rnd_module\Common\Common.DataAccess.Mongo\MongoRepository.cs:line 184
   at NERP.Homepasses.ClusterService.GetClusters(SearchFilter searchFilter, String orderBy, SortOrder sortOrder, Nullable`1 page, Nullable`1 pageSize) in E:\rnd_module\previous_RND CODE\Solution2\NERP.Homepasses\ClusterService.cs:line 45
   at NERP.RND.Web.Controllers.ClustersController.GetClusters(PaginationRequest paginationRequest) in E:\rnd_module\previous_RND CODE\Solution2\NERP.RND.Web\Controllers\ClustersController.cs:line 58
2020-01-03 12:29:10.693 +05:30 [Error] Error fetching clusters.
System.FormatException: Element 'isSelected' does not match any field or property of class NERP.Homepasses.Model.Cluster.
   at MongoDB.Bson.Serialization.BsonClassMapSerializer`1.DeserializeClass(BsonDeserializationContext context)
   at MongoDB.Bson.Serialization.BsonClassMapSerializer`1.Deserialize(BsonDeserializationContext context, BsonDeserializationArgs args)
   at MongoDB.Bson.Serialization.IBsonSerializerExtensions.Deserialize[TValue](IBsonSerializer`1 serializer, BsonDeserializationContext context)
   at MongoDB.Driver.Core.Operations.CursorBatchDeserializationHelper.DeserializeBatch[TDocument](RawBsonArray batch, IBsonSerializer`1 documentSerializer, MessageEncoderSettings messageEncoderSettings)
   at MongoDB.Driver.Core.Operations.FindCommandOperation`1.CreateCursorBatch(BsonDocument commandResult)
   at MongoDB.Driver.Core.Operations.FindCommandOperation`1.CreateCursor(IChannelSourceHandle channelSource, BsonDocument commandResult)
   at MongoDB.Driver.Core.Operations.FindCommandOperation`1.ExecuteAsync(RetryableReadContext context, CancellationToken cancellationToken)
   at MongoDB.Driver.Core.Operations.FindOperation`1.ExecuteAsync(RetryableReadContext context, CancellationToken cancellationToken)
   at MongoDB.Driver.Core.Operations.FindOperation`1.ExecuteAsync(IReadBinding binding, CancellationToken cancellationToken)
   at MongoDB.Driver.OperationExecutor.ExecuteReadOperationAsync[TResult](IReadBinding binding, IReadOperation`1 operation, CancellationToken cancellationToken)
   at MongoDB.Driver.MongoCollectionImpl`1.ExecuteReadOperationAsync[TResult](IClientSessionHandle session, IReadOperation`1 operation, ReadPreference readPreference, CancellationToken cancellationToken)
   at MongoDB.Driver.MongoCollectionImpl`1.UsingImplicitSessionAsync[TResult](Func`2 funcAsync, CancellationToken cancellationToken)
   at MongoDB.Driver.IAsyncCursorSourceExtensions.ToListAsync[TDocument](IAsyncCursorSource`1 source, CancellationToken cancellationToken)
   at Common.DataAccess.Mongo.MongoRepository`1.GetPaginatedAsync(Expression`1 filter, String sortProperty, SortOrder sortOrder, Int32 page, Int32 pageSize) in E:\rnd_module\Common\Common.DataAccess.Mongo\MongoRepository.cs:line 184
   at NERP.Homepasses.ClusterService.GetClusters(SearchFilter searchFilter, String orderBy, SortOrder sortOrder, Nullable`1 page, Nullable`1 pageSize) in E:\rnd_module\previous_RND CODE\Solution2\NERP.Homepasses\ClusterService.cs:line 45
   at NERP.RND.Web.Controllers.ClustersController.GetClusters(PaginationRequest paginationRequest) in E:\rnd_module\previous_RND CODE\Solution2\NERP.RND.Web\Controllers\ClustersController.cs:line 58
2020-01-03 12:33:04.864 +05:30 [Error] Error fetching clusters.
System.FormatException: Element 'isSelected' does not match any field or property of class NERP.Homepasses.Model.Cluster.
   at MongoDB.Bson.Serialization.BsonClassMapSerializer`1.DeserializeClass(BsonDeserializationContext context)
   at MongoDB.Bson.Serialization.BsonClassMapSerializer`1.Deserialize(BsonDeserializationContext context, BsonDeserializationArgs args)
   at MongoDB.Bson.Serialization.IBsonSerializerExtensions.Deserialize[TValue](IBsonSerializer`1 serializer, BsonDeserializationContext context)
   at MongoDB.Driver.Core.Operations.CursorBatchDeserializationHelper.DeserializeBatch[TDocument](RawBsonArray batch, IBsonSerializer`1 documentSerializer, MessageEncoderSettings messageEncoderSettings)
   at MongoDB.Driver.Core.Operations.FindCommandOperation`1.CreateCursorBatch(BsonDocument commandResult)
   at MongoDB.Driver.Core.Operations.FindCommandOperation`1.CreateCursor(IChannelSourceHandle channelSource, BsonDocument commandResult)
   at MongoDB.Driver.Core.Operations.FindCommandOperation`1.ExecuteAsync(RetryableReadContext context, CancellationToken cancellationToken)
   at MongoDB.Driver.Core.Operations.FindOperation`1.ExecuteAsync(RetryableReadContext context, CancellationToken cancellationToken)
   at MongoDB.Driver.Core.Operations.FindOperation`1.ExecuteAsync(IReadBinding binding, CancellationToken cancellationToken)
   at MongoDB.Driver.OperationExecutor.ExecuteReadOperationAsync[TResult](IReadBinding binding, IReadOperation`1 operation, CancellationToken cancellationToken)
   at MongoDB.Driver.MongoCollectionImpl`1.ExecuteReadOperationAsync[TResult](IClientSessionHandle session, IReadOperation`1 operation, ReadPreference readPreference, CancellationToken cancellationToken)
   at MongoDB.Driver.MongoCollectionImpl`1.UsingImplicitSessionAsync[TResult](Func`2 funcAsync, CancellationToken cancellationToken)
   at MongoDB.Driver.IAsyncCursorSourceExtensions.ToListAsync[TDocument](IAsyncCursorSource`1 source, CancellationToken cancellationToken)
   at Common.DataAccess.Mongo.MongoRepository`1.GetPaginatedAsync(Expression`1 filter, String sortProperty, SortOrder sortOrder, Int32 page, Int32 pageSize) in E:\rnd_module\Common\Common.DataAccess.Mongo\MongoRepository.cs:line 184
   at NERP.Homepasses.ClusterService.GetClusters(SearchFilter searchFilter, String orderBy, SortOrder sortOrder, Nullable`1 page, Nullable`1 pageSize) in E:\rnd_module\previous_RND CODE\Solution2\NERP.Homepasses\ClusterService.cs:line 45
   at NERP.RND.Web.Controllers.ClustersController.GetClusters(PaginationRequest paginationRequest) in E:\rnd_module\previous_RND CODE\Solution2\NERP.RND.Web\Controllers\ClustersController.cs:line 58
2020-01-03 12:34:18.912 +05:30 [Error] Error fetching clusters.
System.FormatException: Element 'isSelected' does not match any field or property of class NERP.Homepasses.Model.Cluster.
   at MongoDB.Bson.Serialization.BsonClassMapSerializer`1.DeserializeClass(BsonDeserializationContext context)
   at MongoDB.Bson.Serialization.BsonClassMapSerializer`1.Deserialize(BsonDeserializationContext context, BsonDeserializationArgs args)
   at MongoDB.Bson.Serialization.IBsonSerializerExtensions.Deserialize[TValue](IBsonSerializer`1 serializer, BsonDeserializationContext context)
   at MongoDB.Driver.Core.Operations.CursorBatchDeserializationHelper.DeserializeBatch[TDocument](RawBsonArray batch, IBsonSerializer`1 documentSerializer, MessageEncoderSettings messageEncoderSettings)
   at MongoDB.Driver.Core.Operations.FindCommandOperation`1.CreateCursorBatch(BsonDocument commandResult)
   at MongoDB.Driver.Core.Operations.FindCommandOperation`1.CreateCursor(IChannelSourceHandle channelSource, BsonDocument commandResult)
   at MongoDB.Driver.Core.Operations.FindCommandOperation`1.ExecuteAsync(RetryableReadContext context, CancellationToken cancellationToken)
   at MongoDB.Driver.Core.Operations.FindOperation`1.ExecuteAsync(RetryableReadContext context, CancellationToken cancellationToken)
   at MongoDB.Driver.Core.Operations.FindOperation`1.ExecuteAsync(IReadBinding binding, CancellationToken cancellationToken)
   at MongoDB.Driver.OperationExecutor.ExecuteReadOperationAsync[TResult](IReadBinding binding, IReadOperation`1 operation, CancellationToken cancellationToken)
   at MongoDB.Driver.MongoCollectionImpl`1.ExecuteReadOperationAsync[TResult](IClientSessionHandle session, IReadOperation`1 operation, ReadPreference readPreference, CancellationToken cancellationToken)
   at MongoDB.Driver.MongoCollectionImpl`1.UsingImplicitSessionAsync[TResult](Func`2 funcAsync, CancellationToken cancellationToken)
   at MongoDB.Driver.IAsyncCursorSourceExtensions.ToListAsync[TDocument](IAsyncCursorSource`1 source, CancellationToken cancellationToken)
   at Common.DataAccess.Mongo.MongoRepository`1.GetPaginatedAsync(Expression`1 filter, String sortProperty, SortOrder sortOrder, Int32 page, Int32 pageSize) in E:\rnd_module\Common\Common.DataAccess.Mongo\MongoRepository.cs:line 184
   at NERP.Homepasses.ClusterService.GetClusters(SearchFilter searchFilter, String orderBy, SortOrder sortOrder, Nullable`1 page, Nullable`1 pageSize) in E:\rnd_module\previous_RND CODE\Solution2\NERP.Homepasses\ClusterService.cs:line 45
   at NERP.RND.Web.Controllers.ClustersController.GetClusters(PaginationRequest paginationRequest) in E:\rnd_module\previous_RND CODE\Solution2\NERP.RND.Web\Controllers\ClustersController.cs:line 58
2020-01-03 12:34:26.118 +05:30 [Error] Error fetching clusters.
System.FormatException: Element 'isSelected' does not match any field or property of class NERP.Homepasses.Model.Cluster.
   at MongoDB.Bson.Serialization.BsonClassMapSerializer`1.DeserializeClass(BsonDeserializationContext context)
   at MongoDB.Bson.Serialization.BsonClassMapSerializer`1.Deserialize(BsonDeserializationContext context, BsonDeserializationArgs args)
   at MongoDB.Bson.Serialization.IBsonSerializerExtensions.Deserialize[TValue](IBsonSerializer`1 serializer, BsonDeserializationContext context)
   at MongoDB.Driver.Core.Operations.CursorBatchDeserializationHelper.DeserializeBatch[TDocument](RawBsonArray batch, IBsonSerializer`1 documentSerializer, MessageEncoderSettings messageEncoderSettings)
   at MongoDB.Driver.Core.Operations.FindCommandOperation`1.CreateCursorBatch(BsonDocument commandResult)
   at MongoDB.Driver.Core.Operations.FindCommandOperation`1.CreateCursor(IChannelSourceHandle channelSource, BsonDocument commandResult)
   at MongoDB.Driver.Core.Operations.FindCommandOperation`1.ExecuteAsync(RetryableReadContext context, CancellationToken cancellationToken)
   at MongoDB.Driver.Core.Operations.FindOperation`1.ExecuteAsync(RetryableReadContext context, CancellationToken cancellationToken)
   at MongoDB.Driver.Core.Operations.FindOperation`1.ExecuteAsync(IReadBinding binding, CancellationToken cancellationToken)
   at MongoDB.Driver.OperationExecutor.ExecuteReadOperationAsync[TResult](IReadBinding binding, IReadOperation`1 operation, CancellationToken cancellationToken)
   at MongoDB.Driver.MongoCollectionImpl`1.ExecuteReadOperationAsync[TResult](IClientSessionHandle session, IReadOperation`1 operation, ReadPreference readPreference, CancellationToken cancellationToken)
   at MongoDB.Driver.MongoCollectionImpl`1.UsingImplicitSessionAsync[TResult](Func`2 funcAsync, CancellationToken cancellationToken)
   at MongoDB.Driver.IAsyncCursorSourceExtensions.ToListAsync[TDocument](IAsyncCursorSource`1 source, CancellationToken cancellationToken)
   at Common.DataAccess.Mongo.MongoRepository`1.GetPaginatedAsync(Expression`1 filter, String sortProperty, SortOrder sortOrder, Int32 page, Int32 pageSize) in E:\rnd_module\Common\Common.DataAccess.Mongo\MongoRepository.cs:line 184
   at NERP.Homepasses.ClusterService.GetClusters(SearchFilter searchFilter, String orderBy, SortOrder sortOrder, Nullable`1 page, Nullable`1 pageSize) in E:\rnd_module\previous_RND CODE\Solution2\NERP.Homepasses\ClusterService.cs:line 45
   at NERP.RND.Web.Controllers.ClustersController.GetClusters(PaginationRequest paginationRequest) in E:\rnd_module\previous_RND CODE\Solution2\NERP.RND.Web\Controllers\ClustersController.cs:line 58
2020-01-03 15:37:51.246 +05:30 [Error] An unhandled exception has occurred while executing the request.
System.TimeoutException: A timeout occured after 30000ms selecting a server using CompositeServerSelector{ Selectors = MongoDB.Driver.MongoClient+AreSessionsSupportedServerSelector, LatencyLimitingServerSelector{ AllowedLatencyRange = 00:00:00.0150000 } }. Client view of cluster state is { ClusterId : "1", ConnectionMode : "Automatic", Type : "Unknown", State : "Disconnected", Servers : [{ ServerId: "{ ClusterId : 1, EndPoint : "192.168.1.99:27017" }", EndPoint: "192.168.1.99:27017", State: "Disconnected", Type: "Unknown", LastUpdateTimestamp: "2020-01-03T10:07:12.2278035Z" }] }.
   at MongoDB.Driver.Core.Clusters.Cluster.ThrowTimeoutException(IServerSelector selector, ClusterDescription description)
   at MongoDB.Driver.Core.Clusters.Cluster.WaitForDescriptionChangedHelper.HandleCompletedTask(Task completedTask)
   at MongoDB.Driver.Core.Clusters.Cluster.WaitForDescriptionChangedAsync(IServerSelector selector, ClusterDescription description, Task descriptionChangedTask, TimeSpan timeout, CancellationToken cancellationToken)
   at MongoDB.Driver.Core.Clusters.Cluster.SelectServerAsync(IServerSelector selector, CancellationToken cancellationToken)
   at MongoDB.Driver.MongoClient.AreSessionsSupportedAfterSeverSelctionAsync(CancellationToken cancellationToken)
   at MongoDB.Driver.MongoClient.AreSessionsSupportedAsync(CancellationToken cancellationToken)
   at MongoDB.Driver.MongoClient.StartImplicitSessionAsync(CancellationToken cancellationToken)
   at MongoDB.Driver.MongoCollectionImpl`1.UsingImplicitSessionAsync[TResult](Func`2 funcAsync, CancellationToken cancellationToken)
   at MongoDB.Driver.IAsyncCursorSourceExtensions.FirstOrDefaultAsync[TDocument](IAsyncCursorSource`1 source, CancellationToken cancellationToken)
   at Common.DataAccess.Mongo.MongoRepository`1.GetOneAsync(Expression`1 filter, List`1 fields) in E:\rnd_module\Common\Common.DataAccess.Mongo\MongoRepository.cs:line 77
   at Common.Authentication.AuthService.Authenticate(String loginId, String password) in E:\rnd_module\Common\Common.Authentication\AuthService.cs:line 42
   at NERP.RND.Web.Controllers.LoginController.Index(LoginVm credentials) in E:\rnd_module\previous_RND CODE\Solution2\NERP.RND.Web\Controllers\LoginController.cs:line 53
   at lambda_method(Closure , Object )
   at Microsoft.Extensions.Internal.ObjectMethodExecutorAwaitable.Awaiter.GetResult()
   at Microsoft.AspNetCore.Mvc.Internal.ActionMethodExecutor.TaskOfActionResultExecutor.Execute(IActionResultTypeMapper mapper, ObjectMethodExecutor executor, Object controller, Object[] arguments)
   at System.Threading.Tasks.ValueTask`1.get_Result()
   at Microsoft.AspNetCore.Mvc.Internal.ControllerActionInvoker.InvokeActionMethodAsync()
   at Microsoft.AspNetCore.Mvc.Internal.ControllerActionInvoker.InvokeNextActionFilterAsync()
   at Microsoft.AspNetCore.Mvc.Internal.ControllerActionInvoker.Rethrow(ActionExecutedContext context)
   at Microsoft.AspNetCore.Mvc.Internal.ControllerActionInvoker.Next(State& next, Scope& scope, Object& state, Boolean& isCompleted)
   at Microsoft.AspNetCore.Mvc.Internal.ControllerActionInvoker.InvokeInnerFilterAsync()
   at Microsoft.AspNetCore.Mvc.Internal.ResourceInvoker.InvokeNextResourceFilter()
   at Microsoft.AspNetCore.Mvc.Internal.ResourceInvoker.Rethrow(ResourceExecutedContext context)
   at Microsoft.AspNetCore.Mvc.Internal.ResourceInvoker.Next(State& next, Scope& scope, Object& state, Boolean& isCompleted)
   at Microsoft.AspNetCore.Mvc.Internal.ResourceInvoker.InvokeFilterPipelineAsync()
   at Microsoft.AspNetCore.Mvc.Internal.ResourceInvoker.InvokeAsync()
   at Microsoft.AspNetCore.Builder.RouterMiddleware.Invoke(HttpContext httpContext)
   at NERP.RND.Web.Startup.<>c.<<Configure>b__9_0>d.MoveNext() in E:\rnd_module\previous_RND CODE\Solution2\NERP.RND.Web\Startup.cs:line 213
--- End of stack trace from previous location where exception was thrown ---
   at Microsoft.AspNetCore.StaticFiles.StaticFileMiddleware.Invoke(HttpContext context)
   at Microsoft.AspNetCore.ResponseCompression.ResponseCompressionMiddleware.Invoke(HttpContext context)
   at Microsoft.AspNetCore.StaticFiles.StaticFileMiddleware.Invoke(HttpContext context)
   at Microsoft.AspNetCore.Authentication.AuthenticationMiddleware.Invoke(HttpContext context)
   at Microsoft.AspNetCore.ResponseCaching.ResponseCachingMiddleware.Invoke(HttpContext httpContext)
   at Microsoft.AspNetCore.Diagnostics.DeveloperExceptionPageMiddleware.Invoke(HttpContext context)
